<?xml version="1.0" encoding="UTF-8"?>
<testng-results skipped="0" failed="0" ignored="0" total="1" passed="1">
  <reporter-output>
  </reporter-output>
  <suite name="Default suite" duration-ms="47" started-at="2018-05-24T14:36:47Z" finished-at="2018-05-24T14:36:47Z">
    <groups>
    </groups>
    <test name="Default test" duration-ms="47" started-at="2018-05-24T14:36:47Z" finished-at="2018-05-24T14:36:47Z">
      <class name="testng.HelloWorldNGTest">
        <test-method status="PASS" signature="testEmailGenerator()[pri:0, instance:testng.HelloWorldNGTest@1e127982]" name="testEmailGenerator" duration-ms="15" started-at="2018-05-24T20:06:47Z" finished-at="2018-05-24T20:06:47Z">
          <reporter-output>
          </reporter-output>
        </test-method> <!-- testEmailGenerator -->
      </class> <!-- testng.HelloWorldNGTest -->
    </test> <!-- Default test -->
  </suite> <!-- Default suite -->
</testng-results>
